2026-01-01 08:27:40,973 - __main__ - INFO - Logger configured successfully
2026-01-01 08:28:23,622 - __main__ - INFO - No saved token found
2026-01-01 08:28:23,625 - __main__ - INFO - Token saved to data/NIFTY200/zerodha_token.json (valid until 2026-01-02T08:28:23.624366)
2026-01-01 08:55:48,366 - __main__ - ERROR - Error loading token: 'method_descriptor' object has no attribute 'fromisoformat'
2026-01-01 08:58:03,533 - __main__ - ERROR - Error loading token: 'method_descriptor' object has no attribute 'fromisoformat'
2026-01-01 08:58:19,636 - __main__ - ERROR - Error loading token: 'method_descriptor' object has no attribute 'fromisoformat'
2026-01-01 09:07:35,225 - __main__ - ERROR - Error loading token: 'method_descriptor' object has no attribute 'fromisoformat'
2026-01-01 09:07:54,900 - __main__ - ERROR - Error loading token: 'method_descriptor' object has no attribute 'fromisoformat'
2026-01-01 09:09:34,005 - __main__ - ERROR - Error loading token: 'date'
2026-01-01 09:10:26,408 - __main__ - INFO - Token saved to data/NIFTY200/zerodha_token.json
2026-01-01 09:11:21,983 - __main__ - INFO - ✓ Fetched 660 records for RELIANCE
2026-01-01 09:11:22,869 - __main__ - INFO - ✓ Fetched 660 records for TCS
2026-01-01 09:11:23,758 - __main__ - INFO - ✓ Fetched 660 records for HDFCBANK
2026-01-01 09:11:24,638 - __main__ - INFO - ✓ Fetched 660 records for INFY
2026-01-01 09:11:25,566 - __main__ - INFO - ✓ Fetched 660 records for HINDUNILVR
2026-01-01 09:11:26,447 - __main__ - INFO - ✓ Fetched 660 records for ICICIBANK
2026-01-01 09:11:27,340 - __main__ - INFO - ✓ Fetched 660 records for KOTAKBANK
2026-01-01 09:11:28,226 - __main__ - INFO - ✓ Fetched 660 records for SBIN
2026-01-01 09:11:29,114 - __main__ - INFO - ✓ Fetched 660 records for BHARTIARTL
2026-01-01 09:11:29,998 - __main__ - INFO - ✓ Fetched 660 records for ITC
2026-01-01 09:11:30,895 - __main__ - INFO - ✓ Fetched 660 records for AXISBANK
2026-01-01 09:11:31,777 - __main__ - INFO - ✓ Fetched 660 records for LT
2026-01-01 09:11:32,661 - __main__ - INFO - ✓ Fetched 660 records for ASIANPAINT
2026-01-01 09:11:33,540 - __main__ - INFO - ✓ Fetched 660 records for BAJFINANCE
2026-01-01 09:11:34,427 - __main__ - INFO - ✓ Fetched 660 records for MARUTI
2026-01-01 09:11:35,314 - __main__ - INFO - ✓ Fetched 660 records for HCLTECH
2026-01-01 09:11:36,197 - __main__ - INFO - ✓ Fetched 660 records for TITAN
2026-01-01 09:11:37,089 - __main__ - INFO - ✓ Fetched 660 records for SUNPHARMA
2026-01-01 09:11:37,980 - __main__ - INFO - ✓ Fetched 660 records for ULTRACEMCO
2026-01-01 09:11:38,851 - __main__ - INFO - ✓ Fetched 660 records for NESTLEIND
2026-01-01 09:11:39,732 - __main__ - INFO - ✓ Fetched 660 records for WIPRO
2026-01-01 09:11:40,708 - __main__ - INFO - ✓ Fetched 660 records for TECHM
2026-01-01 09:11:41,591 - __main__ - INFO - ✓ Fetched 660 records for TATASTEEL
2026-01-01 09:11:42,469 - __main__ - INFO - ✓ Fetched 660 records for POWERGRID
2026-01-01 09:11:43,351 - __main__ - INFO - ✓ Fetched 660 records for NTPC
2026-01-01 09:11:44,235 - __main__ - INFO - ✓ Fetched 660 records for BAJAJFINSV
2026-01-01 09:11:45,118 - __main__ - INFO - ✓ Fetched 660 records for M&M
2026-01-01 09:11:46,027 - __main__ - INFO - ✓ Fetched 660 records for ONGC
2026-01-01 09:11:46,907 - __main__ - INFO - ✓ Fetched 660 records for DIVISLAB
2026-01-01 09:11:47,785 - __main__ - INFO - ✓ Fetched 660 records for ADANIENT
2026-01-01 09:11:48,292 - __main__ - ERROR - Instrument token not found for TATAMOTORS
2026-01-01 09:11:48,678 - __main__ - INFO - ✓ Fetched 660 records for JSWSTEEL
2026-01-01 09:11:49,553 - __main__ - INFO - ✓ Fetched 660 records for INDUSINDBK
2026-01-01 09:11:50,445 - __main__ - INFO - ✓ Fetched 660 records for DRREDDY
2026-01-01 09:11:51,325 - __main__ - INFO - ✓ Fetched 660 records for GRASIM
2026-01-01 09:11:52,213 - __main__ - INFO - ✓ Fetched 660 records for CIPLA
2026-01-01 09:11:53,091 - __main__ - INFO - ✓ Fetched 660 records for APOLLOHOSP
2026-01-01 09:11:53,982 - __main__ - INFO - ✓ Fetched 660 records for EICHERMOT
2026-01-01 09:11:54,873 - __main__ - INFO - ✓ Fetched 660 records for HINDALCO
2026-01-01 09:11:55,762 - __main__ - INFO - ✓ Fetched 660 records for SHREECEM
2026-01-01 09:11:56,647 - __main__ - INFO - ✓ Fetched 660 records for BRITANNIA
2026-01-01 09:11:57,539 - __main__ - INFO - ✓ Fetched 660 records for UPL
2026-01-01 09:11:58,504 - __main__ - INFO - ✓ Fetched 660 records for COALINDIA
2026-01-01 09:11:59,398 - __main__ - INFO - ✓ Fetched 660 records for SBILIFE
2026-01-01 09:12:00,280 - __main__ - INFO - ✓ Fetched 660 records for BAJAJ-AUTO
2026-01-01 09:12:01,169 - __main__ - INFO - ✓ Fetched 660 records for HEROMOTOCO
2026-01-01 09:12:02,063 - __main__ - INFO - ✓ Fetched 660 records for TATACONSUM
2026-01-01 09:12:02,950 - __main__ - INFO - ✓ Fetched 660 records for BPCL
2026-01-01 09:12:03,834 - __main__ - INFO - ✓ Fetched 660 records for IOC
2026-01-01 09:12:04,708 - __main__ - INFO - ✓ Fetched 660 records for ADANIPORTS
2026-01-01 09:12:05,600 - __main__ - INFO - ✓ Fetched 660 records for DABUR
2026-01-01 09:12:06,483 - __main__ - INFO - ✓ Fetched 660 records for GODREJCP
2026-01-01 09:12:07,368 - __main__ - INFO - ✓ Fetched 660 records for HAVELLS
2026-01-01 09:12:08,250 - __main__ - INFO - ✓ Fetched 660 records for MARICO
2026-01-01 09:12:09,128 - __main__ - INFO - ✓ Fetched 660 records for PIDILITIND
2026-01-01 09:12:10,013 - __main__ - INFO - ✓ Fetched 660 records for SIEMENS
2026-01-01 09:12:10,901 - __main__ - INFO - ✓ Fetched 660 records for AMBUJACEM
2026-01-01 09:12:11,781 - __main__ - INFO - ✓ Fetched 660 records for DLF
2026-01-01 09:12:12,669 - __main__ - INFO - ✓ Fetched 660 records for GAIL
2026-01-01 09:12:13,562 - __main__ - INFO - ✓ Fetched 660 records for VEDL
2026-01-01 09:12:14,439 - __main__ - INFO - ✓ Fetched 660 records for INDIGO
2026-01-01 09:12:15,326 - __main__ - INFO - ✓ Fetched 660 records for BANDHANBNK
2026-01-01 09:12:16,222 - __main__ - INFO - ✓ Fetched 660 records for BERGEPAINT
2026-01-01 09:12:17,103 - __main__ - INFO - ✓ Fetched 660 records for COLPAL
2026-01-01 09:12:17,982 - __main__ - INFO - ✓ Fetched 660 records for IGL
2026-01-01 09:12:18,871 - __main__ - INFO - ✓ Fetched 660 records for MOTHERSON
2026-01-01 09:12:19,755 - __main__ - INFO - ✓ Fetched 660 records for MPHASIS
2026-01-01 09:12:20,263 - __main__ - ERROR - Instrument token not found for PEL
2026-01-01 09:12:20,637 - __main__ - INFO - ✓ Fetched 660 records for PIIND
2026-01-01 09:12:21,521 - __main__ - INFO - ✓ Fetched 660 records for VOLTAS
2026-01-01 09:12:22,395 - __main__ - INFO - ✓ Fetched 660 records for ADANIGREEN
2026-01-01 09:12:22,902 - __main__ - ERROR - Instrument token not found for ADANITRANS
2026-01-01 09:12:23,282 - __main__ - INFO - ✓ Fetched 660 records for AUROPHARMA
2026-01-01 09:12:24,167 - __main__ - INFO - ✓ Fetched 660 records for BOSCHLTD
2026-01-01 09:12:24,674 - __main__ - ERROR - Instrument token not found for CADILAHC
2026-01-01 09:12:25,070 - __main__ - INFO - ✓ Fetched 660 records for CHOLAFIN
2026-01-01 09:12:25,943 - __main__ - INFO - ✓ Fetched 660 records for CONCOR
2026-01-01 09:12:26,837 - __main__ - INFO - ✓ Fetched 660 records for CUMMINSIND
2026-01-01 09:12:27,718 - __main__ - INFO - ✓ Fetched 660 records for ESCORTS
2026-01-01 09:12:28,604 - __main__ - INFO - ✓ Fetched 660 records for EXIDEIND
2026-01-01 09:12:29,484 - __main__ - INFO - ✓ Fetched 660 records for LUPIN
2026-01-01 09:12:30,366 - __main__ - INFO - ✓ Fetched 660 records for NMDC
2026-01-01 09:12:31,261 - __main__ - INFO - ✓ Fetched 660 records for OFSS
2026-01-01 09:12:32,163 - __main__ - INFO - ✓ Fetched 660 records for PETRONET
2026-01-01 09:12:33,045 - __main__ - INFO - ✓ Fetched 660 records for PFC
2026-01-01 09:12:33,929 - __main__ - INFO - ✓ Fetched 660 records for RECLTD
2026-01-01 09:12:34,805 - __main__ - INFO - ✓ Fetched 660 records for SAIL
2026-01-01 09:12:35,689 - __main__ - INFO - ✓ Fetched 660 records for TORNTPHARM
2026-01-01 09:12:36,572 - __main__ - INFO - ✓ Fetched 660 records for BIOCON
2026-01-01 09:12:37,445 - __main__ - INFO - ✓ Fetched 660 records for HDFCLIFE
2026-01-01 09:12:38,326 - __main__ - INFO - ✓ Fetched 660 records for ICICIPRULI
2026-01-01 09:12:39,219 - __main__ - INFO - ✓ Fetched 660 records for JINDALSTEL
2026-01-01 09:12:40,111 - __main__ - INFO - ✓ Fetched 660 records for MRF
2026-01-01 09:12:40,990 - __main__ - INFO - ✓ Fetched 660 records for PAGEIND
2026-01-01 09:12:41,871 - __main__ - INFO - ✓ Fetched 660 records for PNB
2026-01-01 09:12:42,755 - __main__ - INFO - ✓ Fetched 660 records for RAMCOCEM
2026-01-01 09:12:43,632 - __main__ - INFO - ✓ Fetched 660 records for SRF
2026-01-01 09:12:44,506 - __main__ - INFO - ✓ Fetched 660 records for TATAPOWER
2026-01-01 09:12:45,391 - __main__ - INFO - ✓ Fetched 660 records for ZEEL
2026-01-01 09:12:46,292 - __main__ - INFO - ✓ Fetched 660 records for ACC
2026-01-01 09:12:47,168 - __main__ - INFO - ✓ Fetched 660 records for ASHOKLEY
2026-01-01 09:12:48,063 - __main__ - INFO - ✓ Fetched 660 records for BAJAJHLDNG
2026-01-01 09:12:48,948 - __main__ - INFO - ✓ Fetched 660 records for BANKBARODA
2026-01-01 09:12:49,837 - __main__ - INFO - ✓ Fetched 660 records for BATAINDIA
2026-01-01 09:12:50,718 - __main__ - INFO - ✓ Fetched 660 records for BEL
2026-01-01 09:12:51,593 - __main__ - INFO - ✓ Fetched 660 records for BHARATFORG
2026-01-01 09:12:52,474 - __main__ - INFO - ✓ Fetched 660 records for CANFINHOME
2026-01-01 09:12:53,350 - __main__ - INFO - ✓ Fetched 660 records for CHAMBLFERT
2026-01-01 09:12:54,236 - __main__ - INFO - ✓ Fetched 660 records for CROMPTON
2026-01-01 09:12:55,122 - __main__ - INFO - ✓ Fetched 660 records for DELTACORP
2026-01-01 09:12:56,011 - __main__ - INFO - ✓ Fetched 660 records for DMART
2026-01-01 09:12:56,896 - __main__ - INFO - ✓ Fetched 660 records for FEDERALBNK
2026-01-01 09:12:57,784 - __main__ - INFO - ✓ Fetched 660 records for GLENMARK
2026-01-01 09:12:58,291 - __main__ - ERROR - Instrument token not found for GMRINFRA
2026-01-01 09:12:58,662 - __main__ - INFO - ✓ Fetched 660 records for GODREJPROP
2026-01-01 09:12:59,550 - __main__ - INFO - ✓ Fetched 660 records for ICICIGI
2026-01-01 09:13:00,430 - __main__ - INFO - ✓ Fetched 660 records for IDFCFIRSTB
2026-01-01 09:13:01,310 - __main__ - INFO - ✓ Fetched 660 records for IEX
2026-01-01 09:13:01,817 - __main__ - ERROR - Instrument token not found for INFRATEL
2026-01-01 09:13:02,202 - __main__ - INFO - ✓ Fetched 660 records for IRCTC
2026-01-01 09:13:02,712 - __main__ - ERROR - Instrument token not found for L&TFH
2026-01-01 09:13:03,090 - __main__ - INFO - ✓ Fetched 660 records for LICHSGFIN
2026-01-01 09:13:03,968 - __main__ - INFO - ✓ Fetched 660 records for LALPATHLAB
2026-01-01 09:13:04,850 - __main__ - INFO - ✓ Fetched 660 records for MANAPPURAM
2026-01-01 09:13:05,357 - __main__ - ERROR - Instrument token not found for MCDOWELL-N
2026-01-01 09:13:05,359 - __main__ - ERROR - Instrument token not found for MINDTREE
2026-01-01 09:13:05,734 - __main__ - INFO - ✓ Fetched 660 records for MUTHOOTFIN
2026-01-01 09:13:06,617 - __main__ - INFO - ✓ Fetched 660 records for NAUKRI
2026-01-01 09:13:07,509 - __main__ - INFO - ✓ Fetched 660 records for NAVINFLUOR
2026-01-01 09:13:08,403 - __main__ - INFO - ✓ Fetched 660 records for OBEROIRLTY
2026-01-01 09:13:09,291 - __main__ - INFO - ✓ Fetched 660 records for PERSISTENT
2026-01-01 09:13:09,799 - __main__ - ERROR - Instrument token not found for PVR
2026-01-01 09:13:10,164 - __main__ - INFO - ✓ Fetched 660 records for RBLBANK
2026-01-01 09:13:11,060 - __main__ - INFO - ✓ Fetched 660 records for SBICARD
2026-01-01 09:13:11,568 - __main__ - ERROR - Instrument token not found for SRTRANSFIN
2026-01-01 09:13:11,943 - __main__ - INFO - ✓ Fetched 660 records for STAR
2026-01-01 09:13:12,837 - __main__ - INFO - ✓ Fetched 660 records for TATACHEM
2026-01-01 09:13:13,719 - __main__ - INFO - ✓ Fetched 660 records for TATAELXSI
2026-01-01 09:13:14,226 - __main__ - ERROR - Instrument token not found for TATAMTRDVR
2026-01-01 09:13:14,597 - __main__ - INFO - ✓ Fetched 660 records for TORNTPOWER
2026-01-01 09:13:15,478 - __main__ - INFO - ✓ Fetched 660 records for TRENT
2026-01-01 09:13:16,377 - __main__ - INFO - ✓ Fetched 660 records for TVSMOTOR
2026-01-01 09:13:17,264 - __main__ - INFO - ✓ Fetched 660 records for UBL
2026-01-01 09:13:18,148 - __main__ - INFO - ✓ Fetched 660 records for UNIONBANK
2026-01-01 09:13:19,091 - __main__ - INFO - ✓ Fetched 660 records for ABBOTINDIA
2026-01-01 09:13:19,975 - __main__ - INFO - ✓ Fetched 660 records for ALKEM
2026-01-01 09:13:20,855 - __main__ - INFO - ✓ Fetched 660 records for ASTRAL
2026-01-01 09:13:21,738 - __main__ - INFO - ✓ Fetched 660 records for BALKRISIND
2026-01-01 09:13:22,612 - __main__ - INFO - ✓ Fetched 660 records for COFORGE
2026-01-01 09:13:23,495 - __main__ - INFO - ✓ Fetched 660 records for COROMANDEL
2026-01-01 09:13:24,374 - __main__ - INFO - ✓ Fetched 660 records for DEEPAKNTR
2026-01-01 09:13:25,258 - __main__ - INFO - ✓ Fetched 660 records for DIXON
2026-01-01 09:13:26,131 - __main__ - INFO - ✓ Fetched 660 records for GILLETTE
2026-01-01 09:13:27,005 - __main__ - INFO - ✓ Fetched 660 records for GNFC
2026-01-01 09:13:27,891 - __main__ - INFO - ✓ Fetched 660 records for HINDPETRO
2026-01-01 09:13:28,779 - __main__ - INFO - ✓ Fetched 660 records for IPCALAB
2026-01-01 09:13:29,658 - __main__ - INFO - ✓ Fetched 660 records for JUBLFOOD
2026-01-01 09:13:30,540 - __main__ - INFO - ✓ Fetched 660 records for LAURUSLABS
2026-01-01 09:13:31,429 - __main__ - INFO - ✓ Fetched 660 records for MGL
2026-01-01 09:13:32,317 - __main__ - INFO - ✓ Fetched 660 records for POLYCAB
2026-01-01 09:13:33,207 - __main__ - INFO - ✓ Fetched 660 records for SHRIRAMFIN
2026-01-01 09:13:34,093 - __main__ - INFO - ✓ Fetched 660 records for SYNGENE
2026-01-01 09:13:34,974 - __main__ - INFO - ✓ Fetched 660 records for TEAMLEASE
2026-01-01 09:13:35,866 - __main__ - INFO - ✓ Fetched 660 records for TIINDIA
2026-01-01 09:13:36,742 - __main__ - INFO - ✓ Fetched 660 records for TTKPRESTIG
2026-01-01 09:13:37,639 - __main__ - INFO - ✓ Fetched 660 records for WHIRLPOOL
2026-01-01 09:13:38,520 - __main__ - INFO - ✓ Fetched 660 records for AARTIIND
2026-01-01 09:13:39,398 - __main__ - INFO - ✓ Fetched 660 records for ABB
2026-01-01 09:13:40,287 - __main__ - INFO - ✓ Fetched 660 records for ABCAPITAL
2026-01-01 09:13:41,168 - __main__ - INFO - ✓ Fetched 660 records for ABFRL
2026-01-01 09:13:42,050 - __main__ - INFO - ✓ Fetched 660 records for AFFLE
2026-01-01 09:13:42,930 - __main__ - INFO - ✓ Fetched 660 records for AJANTPHARM
2026-01-01 09:13:43,821 - __main__ - INFO - ✓ Fetched 660 records for APLLTD
2026-01-01 09:13:44,698 - __main__ - INFO - ✓ Fetched 660 records for ASTRAZEN
2026-01-01 09:13:45,736 - __main__ - INFO - ✓ Fetched 660 records for AUBANK
2026-01-01 09:13:46,243 - __main__ - ERROR - Instrument token not found for AVANTI
2026-01-01 09:13:46,620 - __main__ - INFO - ✓ Fetched 660 records for BAJAJCON
2026-01-01 09:13:47,516 - __main__ - INFO - ✓ Fetched 660 records for BALRAMCHIN
2026-01-01 09:13:48,391 - __main__ - INFO - ✓ Fetched 660 records for BASF
2026-01-01 09:13:49,262 - __main__ - INFO - ✓ Fetched 660 records for BIRLACORPN
2026-01-01 09:13:50,145 - __main__ - INFO - ✓ Fetched 660 records for BLUESTARCO
2026-01-01 09:13:51,037 - __main__ - INFO - ✓ Fetched 660 records for BSE
2026-01-01 09:13:51,917 - __main__ - INFO - ✓ Fetched 660 records for CAPLIPOINT
2026-01-01 09:13:52,802 - __main__ - INFO - ✓ Fetched 660 records for CARERATING
2026-01-01 09:13:53,684 - __main__ - INFO - ✓ Fetched 660 records for CASTROLIND
2026-01-01 09:13:54,568 - __main__ - INFO - ✓ Fetched 660 records for CESC
2026-01-01 09:13:55,450 - __main__ - INFO - ✓ Fetched 660 records for CGPOWER
2026-01-01 09:13:56,332 - __main__ - INFO - ✓ Fetched 660 records for CHOLAHLDNG
2026-01-01 09:13:57,217 - __main__ - INFO - ✓ Fetched 660 records for CIEINDIA
2026-01-01 09:13:58,098 - __main__ - INFO - ✓ Fetched 660 records for CLEAN
2026-01-01 09:13:58,982 - __main__ - INFO - ✓ Fetched 660 records for COCHINSHIP
2026-01-01 09:13:59,856 - __main__ - INFO - ✓ Fetched 660 records for CRISIL
2026-01-01 09:14:00,738 - __main__ - INFO - ✓ Fetched 660 records for CSBBANK
2026-01-01 09:14:01,622 - __main__ - INFO - ✓ Fetched 660 records for CYIENT
2026-01-01 09:14:02,505 - __main__ - INFO - ✓ Fetched 660 records for DCMSHRIRAM
2026-01-01 11:16:36,440 - __main__ - INFO - Logger configured successfully
2026-01-01 11:16:44,325 - __main__ - INFO - ✓ Found valid token from 2026-01-01T09:10:26.408322
2026-01-01 11:26:55,826 - __main__ - INFO - ✓ Fetched 660 records for IDEA
2026-01-01 11:26:56,708 - __main__ - INFO - ✓ Fetched 660 records for ATGL
2026-01-01 11:26:57,587 - __main__ - INFO - ✓ Fetched 660 records for ADANIPOWER
2026-01-01 11:26:58,482 - __main__ - INFO - ✓ Fetched 660 records for JSWENERGY
2026-01-01 11:26:59,362 - __main__ - INFO - ✓ Fetched 660 records for INDUSTOWER
2026-01-01 11:27:00,262 - __main__ - INFO - ✓ Fetched 660 records for SUPREMEIND
2026-01-01 11:27:01,145 - __main__ - INFO - ✓ Fetched 660 records for ASTRAL
2026-01-01 11:27:02,310 - __main__ - INFO - ✓ Fetched 660 records for RECLTD
2026-01-01 11:27:03,201 - __main__ - INFO - ✓ Fetched 660 records for ASHOKLEY
2026-01-01 11:27:04,093 - __main__ - INFO - ✓ Fetched 660 records for INDUSINDBK
2026-01-01 11:27:04,979 - __main__ - INFO - ✓ Fetched 660 records for APLAPOLLO
2026-01-01 11:27:05,859 - __main__ - INFO - ✓ Fetched 660 records for BLUESTARCO
2026-01-01 11:27:06,745 - __main__ - INFO - ✓ Fetched 660 records for BANKINDIA
2026-01-01 11:27:07,639 - __main__ - INFO - ✓ Fetched 660 records for BAJAJ-AUTO
2026-01-01 11:27:08,533 - __main__ - INFO - ✓ Fetched 660 records for SHRIRAMFIN
2026-01-01 11:27:09,415 - __main__ - INFO - ✓ Fetched 660 records for PFC
2026-01-01 11:27:10,299 - __main__ - INFO - ✓ Fetched 660 records for MOTHERSON
2026-01-01 11:27:11,196 - __main__ - INFO - ✓ Fetched 660 records for ADANIENSOL
2026-01-01 11:27:12,084 - __main__ - INFO - ✓ Fetched 660 records for FORTIS
2026-01-01 11:27:12,958 - __main__ - INFO - ✓ Fetched 660 records for TVSMOTOR
2026-01-01 11:27:13,827 - __main__ - INFO - ✓ Fetched 660 records for NTPC
2026-01-01 11:27:14,716 - __main__ - INFO - ✓ Fetched 660 records for ETERNAL
2026-01-01 11:27:15,528 - __main__ - WARNING - No data returned for BAJAJHFL
2026-01-01 11:27:15,904 - __main__ - INFO - ✓ Fetched 660 records for BANKBARODA
2026-01-01 11:27:16,787 - __main__ - INFO - ✓ Fetched 660 records for OBEROIRLTY
2026-01-01 11:27:17,667 - __main__ - INFO - ✓ Fetched 660 records for VOLTAS
2026-01-01 11:27:18,545 - __main__ - INFO - ✓ Fetched 660 records for TORNTPOWER
2026-01-01 11:27:19,425 - __main__ - INFO - ✓ Fetched 660 records for WIPRO
2026-01-01 11:27:20,306 - __main__ - INFO - ✓ Fetched 660 records for BHEL
2026-01-01 11:27:21,191 - __main__ - INFO - ✓ Fetched 660 records for GODREJCP
2026-01-01 11:27:22,087 - __main__ - INFO - ✓ Fetched 660 records for UPL
2026-01-01 11:27:22,967 - __main__ - INFO - ✓ Fetched 660 records for RVNL
2026-01-01 11:27:23,853 - __main__ - INFO - ✓ Fetched 660 records for BDL
2026-01-01 11:27:24,743 - __main__ - INFO - ✓ Fetched 660 records for LT
2026-01-01 11:27:25,629 - __main__ - INFO - ✓ Fetched 660 records for JINDALSTEL
2026-01-01 11:27:26,522 - __main__ - INFO - ✓ Fetched 660 records for CHOLAFIN
2026-01-01 11:27:27,394 - __main__ - INFO - ✓ Fetched 660 records for M&M
2026-01-01 11:27:28,282 - __main__ - INFO - ✓ Fetched 660 records for KEI
2026-01-01 11:27:29,156 - __main__ - INFO - ✓ Fetched 660 records for ABCAPITAL
2026-01-01 11:27:30,031 - __main__ - INFO - ✓ Fetched 660 records for MARICO
2026-01-01 11:27:30,915 - __main__ - INFO - ✓ Fetched 660 records for AUROPHARMA
2026-01-01 11:27:31,796 - __main__ - INFO - ✓ Fetched 660 records for IRFC
2026-01-01 11:27:32,679 - __main__ - INFO - ✓ Fetched 660 records for HEROMOTOCO
2026-01-01 11:27:33,565 - __main__ - INFO - ✓ Fetched 660 records for LODHA
2026-01-01 11:27:34,441 - __main__ - INFO - ✓ Fetched 660 records for POWERGRID
2026-01-01 11:27:35,248 - __main__ - WARNING - No data returned for SWIGGY
2026-01-01 11:27:35,642 - __main__ - INFO - ✓ Fetched 660 records for ADANIGREEN
2026-01-01 11:27:36,544 - __main__ - INFO - ✓ Fetched 660 records for POWERINDIA
2026-01-01 11:27:37,427 - __main__ - INFO - ✓ Fetched 660 records for APOLLOHOSP
2026-01-01 11:27:38,309 - __main__ - INFO - ✓ Fetched 660 records for PATANJALI
2026-01-01 11:27:39,187 - __main__ - INFO - ✓ Fetched 660 records for MPHASIS
2026-01-01 11:27:40,076 - __main__ - INFO - ✓ Fetched 660 records for SIEMENS
2026-01-01 11:27:40,958 - __main__ - INFO - ✓ Fetched 660 records for TECHM
2026-01-01 11:27:41,854 - __main__ - INFO - ✓ Fetched 660 records for ULTRACEMCO
2026-01-01 11:27:42,799 - __main__ - INFO - ✓ Fetched 660 records for NMDC
2026-01-01 11:27:43,685 - __main__ - INFO - ✓ Fetched 660 records for INDIGO
2026-01-01 11:27:44,562 - __main__ - INFO - ✓ Fetched 660 records for GMRAIRPORT
2026-01-01 11:27:45,440 - __main__ - INFO - ✓ Fetched 660 records for TATASTEEL
2026-01-01 11:27:46,332 - __main__ - INFO - ✓ Fetched 660 records for LTIM
2026-01-01 11:27:47,227 - __main__ - INFO - ✓ Fetched 660 records for COLPAL
2026-01-01 11:27:48,112 - __main__ - INFO - ✓ Fetched 660 records for INFY
2026-01-01 11:27:49,001 - __main__ - INFO - ✓ Fetched 660 records for HINDALCO
2026-01-01 11:27:49,875 - __main__ - INFO - ✓ Fetched 660 records for CUMMINSIND
2026-01-01 11:27:50,771 - __main__ - INFO - ✓ Fetched 660 records for GRASIM
2026-01-01 11:27:51,657 - __main__ - INFO - ✓ Fetched 660 records for OIL
2026-01-01 11:27:52,529 - __main__ - INFO - ✓ Fetched 660 records for SHREECEM
2026-01-01 11:27:53,419 - __main__ - INFO - ✓ Fetched 660 records for POLYCAB
2026-01-01 11:27:54,314 - __main__ - INFO - ✓ Fetched 660 records for COCHINSHIP
2026-01-01 11:27:55,194 - __main__ - INFO - ✓ Fetched 660 records for KOTAKBANK
2026-01-01 11:27:55,994 - __main__ - WARNING - No data returned for NTPCGREEN
2026-01-01 11:27:56,372 - __main__ - INFO - ✓ Fetched 660 records for ADANIENT
2026-01-01 11:27:57,258 - __main__ - INFO - ✓ Fetched 660 records for DIXON
2026-01-01 11:27:58,140 - __main__ - INFO - ✓ Fetched 660 records for PRESTIGE
2026-01-01 11:27:59,024 - __main__ - INFO - ✓ Fetched 660 records for GODREJPROP
2026-01-01 11:27:59,905 - __main__ - INFO - ✓ Fetched 660 records for SAIL
2026-01-01 11:28:01,004 - __main__ - INFO - ✓ Fetched 660 records for PHOENIXLTD
2026-01-01 11:28:01,897 - __main__ - INFO - ✓ Fetched 660 records for DLF
2026-01-01 11:28:02,778 - __main__ - INFO - ✓ Fetched 660 records for TCS
2026-01-01 11:28:03,662 - __main__ - INFO - ✓ Fetched 660 records for ADANIPORTS
2026-01-01 11:28:04,543 - __main__ - INFO - ✓ Fetched 660 records for HCLTECH
2026-01-01 11:28:05,422 - __main__ - INFO - ✓ Fetched 660 records for TATAPOWER
2026-01-01 11:28:06,324 - __main__ - INFO - ✓ Fetched 660 records for SBILIFE
2026-01-01 11:28:07,212 - __main__ - INFO - ✓ Fetched 660 records for MUTHOOTFIN
2026-01-01 11:28:08,098 - __main__ - INFO - ✓ Fetched 660 records for NHPC
2026-01-01 11:28:08,990 - __main__ - INFO - ✓ Fetched 660 records for TIINDIA
2026-01-01 11:28:09,810 - __main__ - WARNING - No data returned for HYUNDAI
2026-01-01 11:28:10,107 - __main__ - WARNING - No data returned for PREMIERENE
2026-01-01 11:28:10,467 - __main__ - INFO - ✓ Fetched 660 records for NAUKRI
2026-01-01 11:28:11,353 - __main__ - INFO - ✓ Fetched 660 records for EICHERMOT
2026-01-01 11:28:12,235 - __main__ - INFO - ✓ Fetched 660 records for JSWSTEEL
2026-01-01 11:28:13,114 - __main__ - INFO - ✓ Fetched 660 records for AMBUJACEM
2026-01-01 11:28:13,995 - __main__ - INFO - ✓ Fetched 660 records for TRENT
2026-01-01 11:28:14,883 - __main__ - INFO - ✓ Fetched 660 records for AUBANK
2026-01-01 11:28:15,780 - __main__ - INFO - ✓ Fetched 660 records for BOSCHLTD
2026-01-01 11:28:16,671 - __main__ - INFO - ✓ Fetched 660 records for MFSL
2026-01-01 11:28:17,562 - __main__ - INFO - ✓ Fetched 660 records for TMPV
2026-01-01 11:28:18,454 - __main__ - INFO - ✓ Fetched 660 records for AXISBANK
2026-01-01 11:28:19,351 - __main__ - INFO - ✓ Fetched 660 records for LTF
2026-01-01 11:28:20,248 - __main__ - INFO - ✓ Fetched 660 records for COALINDIA
2026-01-01 11:28:21,140 - __main__ - INFO - ✓ Fetched 660 records for HINDUNILVR
2026-01-01 11:28:22,008 - __main__ - INFO - ✓ Fetched 660 records for SUNPHARMA
2026-01-01 11:28:22,895 - __main__ - INFO - ✓ Fetched 660 records for NESTLEIND
2026-01-01 11:28:23,775 - __main__ - INFO - ✓ Fetched 660 records for IRB
2026-01-01 11:28:24,648 - __main__ - INFO - ✓ Fetched 660 records for BHARTIARTL
2026-01-01 11:28:25,535 - __main__ - INFO - ✓ Fetched 660 records for HAL
2026-01-01 11:28:26,413 - __main__ - INFO - ✓ Fetched 660 records for MAXHEALTH
2026-01-01 11:28:27,301 - __main__ - INFO - ✓ Fetched 660 records for SBIN
2026-01-01 11:28:28,195 - __main__ - INFO - ✓ Fetched 660 records for VBL
2026-01-01 11:28:29,119 - __main__ - INFO - ✓ Fetched 660 records for NATIONALUM
2026-01-01 11:28:29,959 - __main__ - INFO - ✓ Fetched 256 records for JIOFIN
2026-01-01 11:28:30,837 - __main__ - INFO - ✓ Fetched 660 records for M&MFIN
2026-01-01 11:28:31,712 - __main__ - INFO - ✓ Fetched 660 records for IDFCFIRSTB
2026-01-01 11:28:32,611 - __main__ - INFO - ✓ Fetched 660 records for RELIANCE
2026-01-01 11:28:33,444 - __main__ - INFO - ✓ Fetched 187 records for TATATECH
2026-01-01 11:28:34,324 - __main__ - INFO - ✓ Fetched 660 records for PNB
2026-01-01 11:28:35,214 - __main__ - INFO - ✓ Fetched 660 records for ZYDUSLIFE
2026-01-01 11:28:36,101 - __main__ - INFO - ✓ Fetched 660 records for INDHOTEL
2026-01-01 11:28:36,984 - __main__ - INFO - ✓ Fetched 660 records for HDFCLIFE
2026-01-01 11:28:37,857 - __main__ - INFO - ✓ Fetched 660 records for IRCTC
2026-01-01 11:28:38,787 - __main__ - INFO - ✓ Fetched 660 records for EXIDEIND
2026-01-01 11:28:39,676 - __main__ - INFO - ✓ Fetched 660 records for MARUTI
2026-01-01 11:28:40,548 - __main__ - INFO - ✓ Fetched 660 records for PERSISTENT
2026-01-01 11:28:41,428 - __main__ - INFO - ✓ Fetched 660 records for PIIND
2026-01-01 11:28:42,317 - __main__ - INFO - ✓ Fetched 660 records for ACC
2026-01-01 11:28:43,188 - __main__ - INFO - ✓ Fetched 660 records for HDFCBANK
2026-01-01 11:28:43,989 - __main__ - WARNING - No data returned for ITCHOTELS
2026-01-01 11:28:44,361 - __main__ - INFO - ✓ Fetched 660 records for OFSS
2026-01-01 11:28:45,258 - __main__ - INFO - ✓ Fetched 660 records for UNIONBANK
2026-01-01 11:28:46,137 - __main__ - INFO - ✓ Fetched 660 records for FEDERALBNK
2026-01-01 11:28:47,030 - __main__ - INFO - ✓ Fetched 660 records for NYKAA
2026-01-01 11:28:47,915 - __main__ - INFO - ✓ Fetched 660 records for ABB
2026-01-01 11:28:48,788 - __main__ - INFO - ✓ Fetched 660 records for TITAN
2026-01-01 11:28:49,657 - __main__ - INFO - ✓ Fetched 660 records for COROMANDEL
2026-01-01 11:28:50,549 - __main__ - INFO - ✓ Fetched 660 records for BAJAJHLDNG
2026-01-01 11:28:51,427 - __main__ - INFO - ✓ Fetched 660 records for KALYANKJIL
2026-01-01 11:28:52,313 - __main__ - INFO - ✓ Fetched 660 records for BAJAJFINSV
2026-01-01 11:28:53,203 - __main__ - INFO - ✓ Fetched 660 records for LUPIN
2026-01-01 11:28:54,101 - __main__ - INFO - ✓ Fetched 660 records for SUZLON
2026-01-01 11:28:54,982 - __main__ - INFO - ✓ Fetched 660 records for BSE
2026-01-01 11:28:55,856 - __main__ - INFO - ✓ Fetched 660 records for SBICARD
2026-01-01 11:28:56,741 - __main__ - INFO - ✓ Fetched 660 records for PAYTM
2026-01-01 11:28:57,629 - __main__ - INFO - ✓ Fetched 660 records for GLENMARK
2026-01-01 11:28:58,508 - __main__ - INFO - ✓ Fetched 660 records for TORNTPHARM
2026-01-01 11:28:59,384 - __main__ - INFO - ✓ Fetched 660 records for IOC
2026-01-01 11:29:00,266 - __main__ - INFO - ✓ Fetched 660 records for GAIL
2026-01-01 11:29:01,138 - __main__ - INFO - ✓ Fetched 660 records for CONCOR
2026-01-01 11:29:02,015 - __main__ - INFO - ✓ Fetched 570 records for LICI
2026-01-01 11:29:02,904 - __main__ - INFO - ✓ Fetched 660 records for BHARATFORG
2026-01-01 11:29:03,782 - __main__ - INFO - ✓ Fetched 660 records for MAZDOCK
2026-01-01 11:29:04,655 - __main__ - INFO - ✓ Fetched 660 records for HINDPETRO
2026-01-01 11:29:05,531 - __main__ - INFO - ✓ Fetched 660 records for HINDZINC
2026-01-01 11:29:06,411 - __main__ - INFO - ✓ Fetched 660 records for VEDL
2026-01-01 11:29:07,303 - __main__ - INFO - ✓ Fetched 660 records for CANBK
2026-01-01 11:29:08,104 - __main__ - WARNING - No data returned for WAAREEENER
2026-01-01 11:29:08,481 - __main__ - INFO - ✓ Fetched 660 records for COFORGE
2026-01-01 11:29:09,364 - __main__ - INFO - ✓ Fetched 660 records for HAVELLS
2026-01-01 11:29:10,259 - __main__ - INFO - ✓ Fetched 660 records for ICICIBANK
2026-01-01 11:29:11,144 - __main__ - INFO - ✓ Fetched 660 records for ICICIGI
2026-01-01 11:29:12,034 - __main__ - INFO - ✓ Fetched 660 records for KPITTECH
2026-01-01 11:29:12,929 - __main__ - INFO - ✓ Fetched 660 records for BEL
2026-01-01 11:29:13,805 - __main__ - INFO - ✓ Fetched 660 records for SOLARINDS
2026-01-01 11:29:14,691 - __main__ - INFO - ✓ Fetched 660 records for INDIANB
2026-01-01 11:29:15,573 - __main__ - INFO - ✓ Fetched 660 records for SRF
2026-01-01 11:29:16,463 - __main__ - INFO - ✓ Fetched 660 records for ASIANPAINT
2026-01-01 11:29:17,356 - __main__ - INFO - ✓ Fetched 660 records for TATAELXSI
2026-01-01 11:29:18,156 - __main__ - WARNING - No data returned for VMM
2026-01-01 11:29:18,536 - __main__ - INFO - ✓ Fetched 660 records for BRITANNIA
2026-01-01 11:29:19,380 - __main__ - INFO - ✓ Fetched 188 records for IREDA
2026-01-01 11:29:20,262 - __main__ - INFO - ✓ Fetched 660 records for YESBANK
2026-01-01 11:29:21,151 - __main__ - INFO - ✓ Fetched 660 records for CIPLA
2026-01-01 11:29:22,036 - __main__ - INFO - ✓ Fetched 660 records for HUDCO
2026-01-01 11:29:22,932 - __main__ - INFO - ✓ Fetched 660 records for LICHSGFIN
2026-01-01 11:29:23,823 - __main__ - INFO - ✓ Fetched 660 records for DIVISLAB
2026-01-01 11:29:24,705 - __main__ - INFO - ✓ Fetched 660 records for ALKEM
2026-01-01 11:29:25,595 - __main__ - INFO - ✓ Fetched 660 records for BPCL
2026-01-01 11:29:26,475 - __main__ - INFO - ✓ Fetched 660 records for DABUR
2026-01-01 11:29:27,352 - __main__ - INFO - ✓ Fetched 660 records for HDFCAMC
2026-01-01 11:29:28,236 - __main__ - INFO - ✓ Fetched 660 records for 360ONE
2026-01-01 11:29:29,058 - __main__ - INFO - ✓ Fetched 96 records for BHARTIHEXA
2026-01-01 11:29:29,943 - __main__ - INFO - ✓ Fetched 660 records for JUBLFOOD
2026-01-01 11:29:30,755 - __main__ - WARNING - No data returned for ENRIN
2026-01-01 11:29:31,135 - __main__ - INFO - ✓ Fetched 660 records for SONACOMS
2026-01-01 11:29:32,008 - __main__ - INFO - ✓ Fetched 660 records for PAGEIND
2026-01-01 11:29:32,887 - __main__ - INFO - ✓ Fetched 660 records for PIDILITIND
2026-01-01 11:29:33,767 - __main__ - INFO - ✓ Fetched 660 records for ONGC
2026-01-01 11:29:34,648 - __main__ - INFO - ✓ Fetched 660 records for TATACOMM
2026-01-01 11:29:35,545 - __main__ - INFO - ✓ Fetched 660 records for MRF
2026-01-01 11:29:36,427 - __main__ - INFO - ✓ Fetched 660 records for BAJFINANCE
2026-01-01 11:29:37,308 - __main__ - INFO - ✓ Fetched 660 records for POLICYBZR
2026-01-01 11:29:38,187 - __main__ - INFO - ✓ Fetched 660 records for CGPOWER
2026-01-01 11:29:39,072 - __main__ - INFO - ✓ Fetched 660 records for IGL
2026-01-01 11:29:39,965 - __main__ - INFO - ✓ Fetched 660 records for BIOCON
2026-01-01 11:29:40,849 - __main__ - INFO - ✓ Fetched 660 records for MOTILALOFS
2026-01-01 11:29:41,697 - __main__ - INFO - ✓ Fetched 328 records for MANKIND
2026-01-01 11:29:42,575 - __main__ - INFO - ✓ Fetched 660 records for DRREDDY
2026-01-01 11:29:43,455 - __main__ - INFO - ✓ Fetched 660 records for TATACONSUM
2026-01-01 11:29:44,341 - __main__ - INFO - ✓ Fetched 660 records for DMART
2026-01-01 11:29:45,227 - __main__ - INFO - ✓ Fetched 660 records for UNITDSPR
2026-01-01 11:29:46,108 - __main__ - INFO - ✓ Fetched 660 records for ITC
2026-01-01 11:29:47,000 - __main__ - INFO - ✓ Fetched 660 records for GODFRYPHLP
2026-01-01 15:55:50,412 - __main__ - INFO - Logger configured successfully
2026-01-01 15:56:07,131 - __main__ - INFO - ✓ Found valid token from 2026-01-01T09:10:26.408322
2026-01-01 16:01:28,406 - __main__ - INFO - ✓ Fetched 660 records for IDEA
2026-01-01 16:01:29,288 - __main__ - INFO - ✓ Fetched 660 records for ATGL
2026-01-01 16:01:30,177 - __main__ - INFO - ✓ Fetched 660 records for ADANIPOWER
2026-01-01 16:01:31,060 - __main__ - INFO - ✓ Fetched 660 records for JSWENERGY
2026-01-01 16:01:31,945 - __main__ - INFO - ✓ Fetched 660 records for INDUSTOWER
2026-01-01 16:01:32,826 - __main__ - INFO - ✓ Fetched 660 records for SUPREMEIND
2026-01-01 16:01:33,707 - __main__ - INFO - ✓ Fetched 660 records for ASTRAL
2026-01-01 16:01:34,571 - __main__ - INFO - ✓ Fetched 660 records for RECLTD
2026-01-01 16:01:35,468 - __main__ - INFO - ✓ Fetched 660 records for ASHOKLEY
2026-01-01 16:01:36,330 - __main__ - INFO - ✓ Fetched 660 records for INDUSINDBK
2026-01-01 16:01:37,216 - __main__ - INFO - ✓ Fetched 660 records for APLAPOLLO
2026-01-01 16:01:38,070 - __main__ - INFO - ✓ Fetched 660 records for BLUESTARCO
2026-01-01 16:01:38,970 - __main__ - INFO - ✓ Fetched 660 records for BANKINDIA
2026-01-01 16:01:39,828 - __main__ - INFO - ✓ Fetched 660 records for BAJAJ-AUTO
2026-01-01 16:01:40,709 - __main__ - INFO - ✓ Fetched 660 records for SHRIRAMFIN
2026-01-01 16:01:41,603 - __main__ - INFO - ✓ Fetched 660 records for PFC
2026-01-01 16:01:42,509 - __main__ - INFO - ✓ Fetched 660 records for MOTHERSON
2026-01-01 16:01:43,400 - __main__ - INFO - ✓ Fetched 660 records for ADANIENSOL
2026-01-01 16:01:44,255 - __main__ - INFO - ✓ Fetched 660 records for FORTIS
2026-01-01 16:01:45,196 - __main__ - INFO - ✓ Fetched 660 records for TVSMOTOR
2026-01-01 16:01:46,078 - __main__ - INFO - ✓ Fetched 660 records for NTPC
2026-01-01 16:01:46,979 - __main__ - INFO - ✓ Fetched 660 records for ETERNAL
2026-01-01 16:01:47,792 - __main__ - WARNING - No data returned for BAJAJHFL
2026-01-01 16:01:48,185 - __main__ - INFO - ✓ Fetched 660 records for BANKBARODA
2026-01-01 16:01:49,051 - __main__ - INFO - ✓ Fetched 660 records for OBEROIRLTY
2026-01-01 16:01:49,914 - __main__ - INFO - ✓ Fetched 660 records for VOLTAS
2026-01-01 16:01:50,776 - __main__ - INFO - ✓ Fetched 660 records for TORNTPOWER
2026-01-01 16:01:51,665 - __main__ - INFO - ✓ Fetched 660 records for WIPRO
2026-01-01 16:01:52,557 - __main__ - INFO - ✓ Fetched 660 records for BHEL
2026-01-01 16:01:53,446 - __main__ - INFO - ✓ Fetched 660 records for GODREJCP
2026-01-01 16:01:54,408 - __main__ - INFO - ✓ Fetched 660 records for UPL
2026-01-01 16:01:55,268 - __main__ - INFO - ✓ Fetched 660 records for RVNL
2026-01-01 16:01:56,141 - __main__ - INFO - ✓ Fetched 660 records for BDL
2026-01-01 16:01:57,025 - __main__ - INFO - ✓ Fetched 660 records for LT
2026-01-01 16:01:57,891 - __main__ - INFO - ✓ Fetched 660 records for JINDALSTEL
2026-01-01 16:01:58,782 - __main__ - INFO - ✓ Fetched 660 records for CHOLAFIN
2026-01-01 16:01:59,671 - __main__ - INFO - ✓ Fetched 660 records for M&M
2026-01-01 16:02:00,567 - __main__ - INFO - ✓ Fetched 660 records for KEI
2026-01-01 16:02:01,465 - __main__ - INFO - ✓ Fetched 660 records for ABCAPITAL
2026-01-01 16:02:02,350 - __main__ - INFO - ✓ Fetched 660 records for MARICO
2026-01-01 16:02:03,246 - __main__ - INFO - ✓ Fetched 660 records for AUROPHARMA
2026-01-01 16:02:04,102 - __main__ - INFO - ✓ Fetched 660 records for IRFC
2026-01-01 16:02:05,001 - __main__ - INFO - ✓ Fetched 660 records for HEROMOTOCO
2026-01-01 16:02:05,855 - __main__ - INFO - ✓ Fetched 660 records for LODHA
2026-01-01 16:02:06,717 - __main__ - INFO - ✓ Fetched 660 records for POWERGRID
2026-01-01 16:02:07,522 - __main__ - WARNING - No data returned for SWIGGY
2026-01-01 16:02:07,872 - __main__ - INFO - ✓ Fetched 660 records for ADANIGREEN
2026-01-01 16:02:08,759 - __main__ - INFO - ✓ Fetched 660 records for POWERINDIA
2026-01-01 16:02:09,611 - __main__ - INFO - ✓ Fetched 660 records for APOLLOHOSP
2026-01-01 16:02:10,479 - __main__ - INFO - ✓ Fetched 660 records for PATANJALI
2026-01-01 16:02:11,367 - __main__ - INFO - ✓ Fetched 660 records for MPHASIS
2026-01-01 16:02:12,257 - __main__ - INFO - ✓ Fetched 660 records for SIEMENS
2026-01-01 16:02:13,139 - __main__ - INFO - ✓ Fetched 660 records for TECHM
2026-01-01 16:02:14,023 - __main__ - INFO - ✓ Fetched 660 records for ULTRACEMCO
2026-01-01 16:02:14,881 - __main__ - INFO - ✓ Fetched 660 records for NMDC
2026-01-01 16:02:15,751 - __main__ - INFO - ✓ Fetched 660 records for INDIGO
2026-01-01 16:02:16,642 - __main__ - INFO - ✓ Fetched 660 records for GMRAIRPORT
2026-01-01 16:02:17,533 - __main__ - INFO - ✓ Fetched 660 records for TATASTEEL
2026-01-01 16:02:18,395 - __main__ - INFO - ✓ Fetched 660 records for LTIM
2026-01-01 16:02:19,264 - __main__ - INFO - ✓ Fetched 660 records for COLPAL
2026-01-01 16:02:20,123 - __main__ - INFO - ✓ Fetched 660 records for INFY
2026-01-01 16:02:21,001 - __main__ - INFO - ✓ Fetched 660 records for HINDALCO
2026-01-01 16:02:21,858 - __main__ - INFO - ✓ Fetched 660 records for CUMMINSIND
2026-01-01 16:02:22,743 - __main__ - INFO - ✓ Fetched 660 records for GRASIM
2026-01-01 16:02:23,611 - __main__ - INFO - ✓ Fetched 660 records for OIL
2026-01-01 16:02:24,504 - __main__ - INFO - ✓ Fetched 660 records for SHREECEM
2026-01-01 16:02:25,366 - __main__ - INFO - ✓ Fetched 660 records for POLYCAB
2026-01-01 16:02:26,216 - __main__ - INFO - ✓ Fetched 660 records for COCHINSHIP
2026-01-01 16:02:27,080 - __main__ - INFO - ✓ Fetched 660 records for KOTAKBANK
2026-01-01 16:02:27,876 - __main__ - WARNING - No data returned for NTPCGREEN
2026-01-01 16:02:28,259 - __main__ - INFO - ✓ Fetched 660 records for ADANIENT
2026-01-01 16:02:29,119 - __main__ - INFO - ✓ Fetched 660 records for DIXON
2026-01-01 16:02:30,001 - __main__ - INFO - ✓ Fetched 660 records for PRESTIGE
2026-01-01 16:02:30,860 - __main__ - INFO - ✓ Fetched 660 records for GODREJPROP
2026-01-01 16:02:31,722 - __main__ - INFO - ✓ Fetched 660 records for SAIL
2026-01-01 16:02:32,605 - __main__ - INFO - ✓ Fetched 660 records for PHOENIXLTD
2026-01-01 16:02:33,461 - __main__ - INFO - ✓ Fetched 660 records for DLF
2026-01-01 16:02:34,332 - __main__ - INFO - ✓ Fetched 660 records for TCS
2026-01-01 16:02:35,199 - __main__ - INFO - ✓ Fetched 660 records for ADANIPORTS
2026-01-01 16:02:36,063 - __main__ - INFO - ✓ Fetched 660 records for HCLTECH
2026-01-01 16:02:36,917 - __main__ - INFO - ✓ Fetched 660 records for TATAPOWER
2026-01-01 16:02:37,797 - __main__ - INFO - ✓ Fetched 660 records for SBILIFE
2026-01-01 16:02:38,693 - __main__ - INFO - ✓ Fetched 660 records for MUTHOOTFIN
2026-01-01 16:02:39,603 - __main__ - INFO - ✓ Fetched 660 records for NHPC
2026-01-01 16:02:40,464 - __main__ - INFO - ✓ Fetched 660 records for TIINDIA
2026-01-01 16:02:41,281 - __main__ - WARNING - No data returned for HYUNDAI
2026-01-01 16:02:41,551 - __main__ - WARNING - No data returned for PREMIERENE
2026-01-01 16:02:41,927 - __main__ - INFO - ✓ Fetched 660 records for NAUKRI
2026-01-01 16:02:42,818 - __main__ - INFO - ✓ Fetched 660 records for EICHERMOT
2026-01-01 16:02:43,680 - __main__ - INFO - ✓ Fetched 660 records for JSWSTEEL
2026-01-01 16:02:44,566 - __main__ - INFO - ✓ Fetched 660 records for AMBUJACEM
2026-01-01 16:02:45,442 - __main__ - INFO - ✓ Fetched 660 records for TRENT
2026-01-01 16:02:46,329 - __main__ - INFO - ✓ Fetched 660 records for AUBANK
2026-01-01 16:02:47,180 - __main__ - INFO - ✓ Fetched 660 records for BOSCHLTD
2026-01-01 16:02:48,052 - __main__ - INFO - ✓ Fetched 660 records for MFSL
2026-01-01 16:02:48,934 - __main__ - INFO - ✓ Fetched 660 records for TMPV
2026-01-01 16:02:49,840 - __main__ - INFO - ✓ Fetched 660 records for AXISBANK
2026-01-01 16:02:50,703 - __main__ - INFO - ✓ Fetched 660 records for LTF
2026-01-01 16:02:51,588 - __main__ - INFO - ✓ Fetched 660 records for COALINDIA
2026-01-01 16:02:52,444 - __main__ - INFO - ✓ Fetched 660 records for HINDUNILVR
2026-01-01 16:02:53,337 - __main__ - INFO - ✓ Fetched 660 records for SUNPHARMA
2026-01-01 16:02:54,210 - __main__ - INFO - ✓ Fetched 660 records for NESTLEIND
2026-01-01 16:02:55,099 - __main__ - INFO - ✓ Fetched 660 records for IRB
2026-01-01 16:02:55,978 - __main__ - INFO - ✓ Fetched 660 records for BHARTIARTL
2026-01-01 16:02:56,869 - __main__ - INFO - ✓ Fetched 660 records for HAL
2026-01-01 16:02:57,750 - __main__ - INFO - ✓ Fetched 660 records for MAXHEALTH
2026-01-01 16:02:58,607 - __main__ - INFO - ✓ Fetched 660 records for SBIN
2026-01-01 16:02:59,498 - __main__ - INFO - ✓ Fetched 660 records for VBL
2026-01-01 16:03:00,351 - __main__ - INFO - ✓ Fetched 660 records for NATIONALUM
2026-01-01 16:03:01,162 - __main__ - INFO - ✓ Fetched 256 records for JIOFIN
2026-01-01 16:03:02,035 - __main__ - INFO - ✓ Fetched 660 records for M&MFIN
2026-01-01 16:03:02,915 - __main__ - INFO - ✓ Fetched 660 records for IDFCFIRSTB
2026-01-01 16:03:03,775 - __main__ - INFO - ✓ Fetched 660 records for RELIANCE
2026-01-01 16:03:04,588 - __main__ - INFO - ✓ Fetched 187 records for TATATECH
2026-01-01 16:03:05,478 - __main__ - INFO - ✓ Fetched 660 records for PNB
2026-01-01 16:03:06,364 - __main__ - INFO - ✓ Fetched 660 records for ZYDUSLIFE
2026-01-01 16:03:07,231 - __main__ - INFO - ✓ Fetched 660 records for INDHOTEL
2026-01-01 16:03:08,111 - __main__ - INFO - ✓ Fetched 660 records for HDFCLIFE
2026-01-01 16:03:08,997 - __main__ - INFO - ✓ Fetched 660 records for IRCTC
2026-01-01 16:03:09,886 - __main__ - INFO - ✓ Fetched 660 records for EXIDEIND
2026-01-01 16:03:10,745 - __main__ - INFO - ✓ Fetched 660 records for MARUTI
2026-01-01 16:03:11,629 - __main__ - INFO - ✓ Fetched 660 records for PERSISTENT
2026-01-01 16:03:12,524 - __main__ - INFO - ✓ Fetched 660 records for PIIND
2026-01-01 16:03:13,412 - __main__ - INFO - ✓ Fetched 660 records for ACC
2026-01-01 16:03:14,270 - __main__ - INFO - ✓ Fetched 660 records for HDFCBANK
2026-01-01 16:03:15,077 - __main__ - WARNING - No data returned for ITCHOTELS
2026-01-01 16:03:15,422 - __main__ - INFO - ✓ Fetched 660 records for OFSS
2026-01-01 16:03:16,278 - __main__ - INFO - ✓ Fetched 660 records for UNIONBANK
2026-01-01 16:03:17,132 - __main__ - INFO - ✓ Fetched 660 records for FEDERALBNK
2026-01-01 16:03:17,992 - __main__ - INFO - ✓ Fetched 660 records for NYKAA
2026-01-01 16:03:18,850 - __main__ - INFO - ✓ Fetched 660 records for ABB
2026-01-01 16:03:19,715 - __main__ - INFO - ✓ Fetched 660 records for TITAN
2026-01-01 16:03:20,606 - __main__ - INFO - ✓ Fetched 660 records for COROMANDEL
2026-01-01 16:03:21,471 - __main__ - INFO - ✓ Fetched 660 records for BAJAJHLDNG
2026-01-01 16:03:22,328 - __main__ - INFO - ✓ Fetched 660 records for KALYANKJIL
2026-01-01 16:03:23,184 - __main__ - INFO - ✓ Fetched 660 records for BAJAJFINSV
2026-01-01 16:03:24,069 - __main__ - INFO - ✓ Fetched 660 records for LUPIN
2026-01-01 16:03:24,926 - __main__ - INFO - ✓ Fetched 660 records for SUZLON
2026-01-01 16:03:25,781 - __main__ - INFO - ✓ Fetched 660 records for BSE
2026-01-01 16:03:26,643 - __main__ - INFO - ✓ Fetched 660 records for SBICARD
2026-01-01 16:03:27,521 - __main__ - INFO - ✓ Fetched 660 records for PAYTM
2026-01-01 16:03:28,424 - __main__ - INFO - ✓ Fetched 660 records for GLENMARK
2026-01-01 16:03:29,291 - __main__ - INFO - ✓ Fetched 660 records for TORNTPHARM
2026-01-01 16:03:30,146 - __main__ - INFO - ✓ Fetched 660 records for IOC
2026-01-01 16:03:31,008 - __main__ - INFO - ✓ Fetched 660 records for GAIL
2026-01-01 16:03:31,894 - __main__ - INFO - ✓ Fetched 660 records for CONCOR
2026-01-01 16:03:32,736 - __main__ - INFO - ✓ Fetched 570 records for LICI
2026-01-01 16:03:33,622 - __main__ - INFO - ✓ Fetched 660 records for BHARATFORG
2026-01-01 16:03:34,508 - __main__ - INFO - ✓ Fetched 660 records for MAZDOCK
2026-01-01 16:03:35,399 - __main__ - INFO - ✓ Fetched 660 records for HINDPETRO
2026-01-01 16:03:36,303 - __main__ - INFO - ✓ Fetched 660 records for HINDZINC
2026-01-01 16:03:37,163 - __main__ - INFO - ✓ Fetched 660 records for VEDL
2026-01-01 16:03:38,051 - __main__ - INFO - ✓ Fetched 660 records for CANBK
2026-01-01 16:03:38,863 - __main__ - WARNING - No data returned for WAAREEENER
2026-01-01 16:03:39,221 - __main__ - INFO - ✓ Fetched 660 records for COFORGE
2026-01-01 16:03:40,109 - __main__ - INFO - ✓ Fetched 660 records for HAVELLS
2026-01-01 16:03:40,972 - __main__ - INFO - ✓ Fetched 660 records for ICICIBANK
2026-01-01 16:03:42,041 - __main__ - INFO - ✓ Fetched 660 records for ICICIGI
2026-01-01 16:03:42,902 - __main__ - INFO - ✓ Fetched 660 records for KPITTECH
2026-01-01 16:03:43,794 - __main__ - INFO - ✓ Fetched 660 records for BEL
2026-01-01 16:03:44,681 - __main__ - INFO - ✓ Fetched 660 records for SOLARINDS
2026-01-01 16:03:45,573 - __main__ - INFO - ✓ Fetched 660 records for INDIANB
2026-01-01 16:03:46,430 - __main__ - INFO - ✓ Fetched 660 records for SRF
2026-01-01 16:03:47,303 - __main__ - INFO - ✓ Fetched 660 records for ASIANPAINT
2026-01-01 16:03:48,186 - __main__ - INFO - ✓ Fetched 660 records for TATAELXSI
2026-01-01 16:03:48,992 - __main__ - WARNING - No data returned for VMM
2026-01-01 16:03:49,372 - __main__ - INFO - ✓ Fetched 660 records for BRITANNIA
2026-01-01 16:03:50,216 - __main__ - INFO - ✓ Fetched 188 records for IREDA
2026-01-01 16:03:51,103 - __main__ - INFO - ✓ Fetched 660 records for YESBANK
2026-01-01 16:03:51,984 - __main__ - INFO - ✓ Fetched 660 records for CIPLA
2026-01-01 16:03:52,839 - __main__ - INFO - ✓ Fetched 660 records for HUDCO
2026-01-01 16:03:53,697 - __main__ - INFO - ✓ Fetched 660 records for LICHSGFIN
2026-01-01 16:03:54,556 - __main__ - INFO - ✓ Fetched 660 records for DIVISLAB
2026-01-01 16:03:55,413 - __main__ - INFO - ✓ Fetched 660 records for ALKEM
2026-01-01 16:03:56,271 - __main__ - INFO - ✓ Fetched 660 records for BPCL
2026-01-01 16:03:57,160 - __main__ - INFO - ✓ Fetched 660 records for DABUR
2026-01-01 16:03:58,025 - __main__ - INFO - ✓ Fetched 660 records for HDFCAMC
2026-01-01 16:03:58,873 - __main__ - INFO - ✓ Fetched 660 records for 360ONE
2026-01-01 16:03:59,695 - __main__ - INFO - ✓ Fetched 96 records for BHARTIHEXA
2026-01-01 16:04:00,581 - __main__ - INFO - ✓ Fetched 660 records for JUBLFOOD
2026-01-01 16:04:01,379 - __main__ - WARNING - No data returned for ENRIN
2026-01-01 16:04:01,732 - __main__ - INFO - ✓ Fetched 660 records for SONACOMS
2026-01-01 16:04:02,619 - __main__ - INFO - ✓ Fetched 660 records for PAGEIND
2026-01-01 16:04:03,504 - __main__ - INFO - ✓ Fetched 660 records for PIDILITIND
2026-01-01 16:04:04,439 - __main__ - INFO - ✓ Fetched 660 records for ONGC
2026-01-01 16:04:05,291 - __main__ - INFO - ✓ Fetched 660 records for TATACOMM
2026-01-01 16:04:06,170 - __main__ - INFO - ✓ Fetched 660 records for MRF
2026-01-01 16:04:07,026 - __main__ - INFO - ✓ Fetched 660 records for BAJFINANCE
2026-01-01 16:04:07,914 - __main__ - INFO - ✓ Fetched 660 records for POLICYBZR
2026-01-01 16:04:08,790 - __main__ - INFO - ✓ Fetched 660 records for CGPOWER
2026-01-01 16:04:09,675 - __main__ - INFO - ✓ Fetched 660 records for IGL
2026-01-01 16:04:10,562 - __main__ - INFO - ✓ Fetched 660 records for BIOCON
2026-01-01 16:04:11,452 - __main__ - INFO - ✓ Fetched 660 records for MOTILALOFS
2026-01-01 16:04:12,301 - __main__ - INFO - ✓ Fetched 328 records for MANKIND
2026-01-01 16:04:13,187 - __main__ - INFO - ✓ Fetched 660 records for DRREDDY
2026-01-01 16:04:14,073 - __main__ - INFO - ✓ Fetched 660 records for TATACONSUM
2026-01-01 16:04:14,953 - __main__ - INFO - ✓ Fetched 660 records for DMART
2026-01-01 16:04:15,837 - __main__ - INFO - ✓ Fetched 660 records for UNITDSPR
2026-01-01 16:04:16,721 - __main__ - INFO - ✓ Fetched 660 records for ITC
2026-01-01 16:04:17,609 - __main__ - INFO - ✓ Fetched 660 records for GODFRYPHLP
